<?xml version="1.0" encoding="UTF-8"?>
<!-- Generated by org.testng.reporters.JUnitReportReporter -->
<testsuite hostname="DESKTOP-GFKCEU1" failures="0" tests="1" name="p09_09_2022.uvodUTestNg" time="0.010" errors="0" timestamp="2025-02-15T19:52:04 CET" skipped="0">
  <testcase classname="p09_09_2022.uvodUTestNg" name="test1" time="0.010"/>
  <system-out/>
</testsuite> <!-- p09_09_2022.uvodUTestNg -->
